<?xml version="1.0" encoding="UTF-8"?>
<coverage generated="1670940454019" clover="3.2.0">
  <project timestamp="1670940454019" name="All files">
    <metrics statements="59" coveredstatements="59" conditionals="16" coveredconditionals="16" methods="15" coveredmethods="15" elements="90" coveredelements="90" complexity="0" loc="59" ncloc="59" packages="1" files="3" classes="3"/>
    <file name="bankAccount.js" path="/Users/adonl/Documents/Projects/tech-tests/bank-tech-test/src/bankAccount.js">
      <metrics statements="22" coveredstatements="22" conditionals="6" coveredconditionals="6" methods="5" coveredmethods="5"/>
      <line num="1" count="2" type="stmt"/>
      <line num="2" count="2" type="stmt"/>
      <line num="6" count="14" type="stmt"/>
      <line num="7" count="14" type="stmt"/>
      <line num="8" count="14" type="stmt"/>
      <line num="13" count="3" type="cond" truecount="2" falsecount="0"/>
      <line num="14" count="1" type="stmt"/>
      <line num="16" count="2" type="stmt"/>
      <line num="22" count="10" type="stmt"/>
      <line num="23" count="10" type="stmt"/>
      <line num="24" count="9" type="stmt"/>
      <line num="25" count="9" type="stmt"/>
      <line num="30" count="8" type="cond" truecount="2" falsecount="0"/>
      <line num="31" count="2" type="cond" truecount="2" falsecount="0"/>
      <line num="32" count="1" type="stmt"/>
      <line num="34" count="1" type="stmt"/>
      <line num="37" count="6" type="stmt"/>
      <line num="38" count="6" type="stmt"/>
      <line num="39" count="5" type="stmt"/>
      <line num="40" count="5" type="stmt"/>
      <line num="46" count="4" type="stmt"/>
      <line num="51" count="2" type="stmt"/>
    </file>
    <file name="statement.js" path="/Users/adonl/Documents/Projects/tech-tests/bank-tech-test/src/statement.js">
      <metrics statements="25" coveredstatements="25" conditionals="8" coveredconditionals="8" methods="5" coveredmethods="5"/>
      <line num="3" count="19" type="stmt"/>
      <line num="4" count="19" type="stmt"/>
      <line num="9" count="22" type="stmt"/>
      <line num="10" count="22" type="stmt"/>
      <line num="12" count="22" type="cond" truecount="2" falsecount="0"/>
      <line num="13" count="14" type="stmt"/>
      <line num="14" count="14" type="stmt"/>
      <line num="15" count="14" type="stmt"/>
      <line num="16" count="8" type="cond" truecount="2" falsecount="0"/>
      <line num="17" count="7" type="stmt"/>
      <line num="18" count="7" type="stmt"/>
      <line num="19" count="7" type="stmt"/>
      <line num="21" count="1" type="stmt"/>
      <line num="24" count="21" type="stmt"/>
      <line num="30" count="4" type="cond" truecount="2" falsecount="0"/>
      <line num="31" count="2" type="stmt"/>
      <line num="33" count="2" type="stmt"/>
      <line num="34" count="6" type="stmt"/>
      <line num="35" count="6" type="stmt"/>
      <line num="36" count="6" type="stmt"/>
      <line num="38" count="2" type="stmt"/>
      <line num="44" count="12" type="cond" truecount="2" falsecount="0"/>
      <line num="45" count="6" type="stmt"/>
      <line num="47" count="12" type="stmt"/>
      <line num="53" count="3" type="stmt"/>
    </file>
    <file name="transaction.js" path="/Users/adonl/Documents/Projects/tech-tests/bank-tech-test/src/transaction.js">
      <metrics statements="12" coveredstatements="12" conditionals="2" coveredconditionals="2" methods="5" coveredmethods="5"/>
      <line num="3" count="19" type="stmt"/>
      <line num="4" count="19" type="stmt"/>
      <line num="9" count="1" type="stmt"/>
      <line num="14" count="1" type="stmt"/>
      <line num="19" count="19" type="cond" truecount="2" falsecount="0"/>
      <line num="20" count="3" type="stmt"/>
      <line num="22" count="16" type="stmt"/>
      <line num="23" count="16" type="stmt"/>
      <line num="29" count="16" type="stmt"/>
      <line num="30" count="16" type="stmt"/>
      <line num="31" count="16" type="stmt"/>
      <line num="36" count="3" type="stmt"/>
    </file>
  </project>
</coverage>
