{"/Users/adonl/Documents/Projects/tech-tests/bank-tech-test/src/bankAccount.js": {"path":"/Users/adonl/Documents/Projects/tech-tests/bank-tech-test/src/bankAccount.js","statementMap":{"0":{"start":{"line":1,"column":20},"end":{"line":1,"column":44}},"1":{"start":{"line":2,"column":18},"end":{"line":2,"column":40}},"2":{"start":{"line":6,"column":4},"end":{"line":6,"column":21}},"3":{"start":{"line":7,"column":4},"end":{"line":7,"column":23}},"4":{"start":{"line":8,"column":4},"end":{"line":8,"column":35}},"5":{"start":{"line":13,"column":4},"end":{"line":17,"column":5}},"6":{"start":{"line":14,"column":6},"end":{"line":14,"column":71}},"7":{"start":{"line":16,"column":6},"end":{"line":16,"column":59}},"8":{"start":{"line":22,"column":24},"end":{"line":22,"column":39}},"9":{"start":{"line":23,"column":4},"end":{"line":23,"column":43}},"10":{"start":{"line":24,"column":4},"end":{"line":24,"column":27}},"11":{"start":{"line":25,"column":4},"end":{"line":25,"column":96}},"12":{"start":{"line":30,"column":4},"end":{"line":41,"column":5}},"13":{"start":{"line":31,"column":6},"end":{"line":35,"column":7}},"14":{"start":{"line":32,"column":8},"end":{"line":32,"column":71}},"15":{"start":{"line":34,"column":8},"end":{"line":34,"column":119}},"16":{"start":{"line":37,"column":26},"end":{"line":37,"column":41}},"17":{"start":{"line":38,"column":6},"end":{"line":38,"column":45}},"18":{"start":{"line":39,"column":6},"end":{"line":39,"column":29}},"19":{"start":{"line":40,"column":6},"end":{"line":40,"column":97}},"20":{"start":{"line":46,"column":4},"end":{"line":46,"column":47}},"21":{"start":{"line":51,"column":0},"end":{"line":51,"column":29}}},"fnMap":{"0":{"name":"(anonymous_0)","decl":{"start":{"line":5,"column":2},"end":{"line":5,"column":3}},"loc":{"start":{"line":5,"column":16},"end":{"line":9,"column":3}},"line":5},"1":{"name":"(anonymous_1)","decl":{"start":{"line":12,"column":2},"end":{"line":12,"column":3}},"loc":{"start":{"line":12,"column":15},"end":{"line":18,"column":3}},"line":12},"2":{"name":"(anonymous_2)","decl":{"start":{"line":21,"column":2},"end":{"line":21,"column":3}},"loc":{"start":{"line":21,"column":18},"end":{"line":26,"column":3}},"line":21},"3":{"name":"(anonymous_3)","decl":{"start":{"line":29,"column":2},"end":{"line":29,"column":3}},"loc":{"start":{"line":29,"column":19},"end":{"line":42,"column":3}},"line":29},"4":{"name":"(anonymous_4)","decl":{"start":{"line":45,"column":2},"end":{"line":45,"column":3}},"loc":{"start":{"line":45,"column":19},"end":{"line":47,"column":3}},"line":45}},"branchMap":{"0":{"loc":{"start":{"line":13,"column":4},"end":{"line":17,"column":5}},"type":"if","locations":[{"start":{"line":13,"column":4},"end":{"line":17,"column":5}},{"start":{"line":15,"column":11},"end":{"line":17,"column":5}}],"line":13},"1":{"loc":{"start":{"line":30,"column":4},"end":{"line":41,"column":5}},"type":"if","locations":[{"start":{"line":30,"column":4},"end":{"line":41,"column":5}},{"start":{"line":36,"column":11},"end":{"line":41,"column":5}}],"line":30},"2":{"loc":{"start":{"line":31,"column":6},"end":{"line":35,"column":7}},"type":"if","locations":[{"start":{"line":31,"column":6},"end":{"line":35,"column":7}},{"start":{"line":33,"column":13},"end":{"line":35,"column":7}}],"line":31}},"s":{"0":2,"1":2,"2":14,"3":14,"4":14,"5":3,"6":1,"7":2,"8":10,"9":10,"10":9,"11":9,"12":8,"13":2,"14":1,"15":1,"16":6,"17":6,"18":5,"19":5,"20":4,"21":2},"f":{"0":14,"1":3,"2":10,"3":8,"4":4},"b":{"0":[1,2],"1":[2,6],"2":[1,1]},"_coverageSchema":"1a1c01bbd47fc00a2c39e90264f33305004495a9","hash":"8db20f85f9baebf1f0452af591e90c09a0c0a8dc"}
,"/Users/adonl/Documents/Projects/tech-tests/bank-tech-test/src/statement.js": {"path":"/Users/adonl/Documents/Projects/tech-tests/bank-tech-test/src/statement.js","statementMap":{"0":{"start":{"line":3,"column":4},"end":{"line":3,"column":27}},"1":{"start":{"line":4,"column":4},"end":{"line":4,"column":69}},"2":{"start":{"line":9,"column":23},"end":{"line":9,"column":27}},"3":{"start":{"line":10,"column":22},"end":{"line":10,"column":26}},"4":{"start":{"line":12,"column":4},"end":{"line":22,"column":5}},"5":{"start":{"line":13,"column":6},"end":{"line":13,"column":29}},"6":{"start":{"line":14,"column":6},"end":{"line":14,"column":39}},"7":{"start":{"line":15,"column":6},"end":{"line":15,"column":22}},"8":{"start":{"line":16,"column":11},"end":{"line":22,"column":5}},"9":{"start":{"line":17,"column":6},"end":{"line":17,"column":29}},"10":{"start":{"line":18,"column":6},"end":{"line":18,"column":23}},"11":{"start":{"line":19,"column":6},"end":{"line":19,"column":38}},"12":{"start":{"line":21,"column":6},"end":{"line":21,"column":48}},"13":{"start":{"line":24,"column":4},"end":{"line":24,"column":112}},"14":{"start":{"line":30,"column":4},"end":{"line":39,"column":5}},"15":{"start":{"line":31,"column":6},"end":{"line":31,"column":51}},"16":{"start":{"line":33,"column":8},"end":{"line":37,"column":11}},"17":{"start":{"line":34,"column":10},"end":{"line":34,"column":68}},"18":{"start":{"line":35,"column":10},"end":{"line":35,"column":66}},"19":{"start":{"line":36,"column":10},"end":{"line":36,"column":136}},"20":{"start":{"line":38,"column":6},"end":{"line":38,"column":48}},"21":{"start":{"line":44,"column":4},"end":{"line":46,"column":5}},"22":{"start":{"line":45,"column":6},"end":{"line":45,"column":19}},"23":{"start":{"line":47,"column":4},"end":{"line":47,"column":18}},"24":{"start":{"line":53,"column":0},"end":{"line":53,"column":27}}},"fnMap":{"0":{"name":"(anonymous_0)","decl":{"start":{"line":2,"column":2},"end":{"line":2,"column":3}},"loc":{"start":{"line":2,"column":16},"end":{"line":5,"column":3}},"line":2},"1":{"name":"(anonymous_1)","decl":{"start":{"line":8,"column":2},"end":{"line":8,"column":3}},"loc":{"start":{"line":8,"column":46},"end":{"line":26,"column":3}},"line":8},"2":{"name":"(anonymous_2)","decl":{"start":{"line":29,"column":2},"end":{"line":29,"column":3}},"loc":{"start":{"line":29,"column":23},"end":{"line":40,"column":3}},"line":29},"3":{"name":"(anonymous_3)","decl":{"start":{"line":33,"column":34},"end":{"line":33,"column":35}},"loc":{"start":{"line":33,"column":49},"end":{"line":37,"column":9}},"line":33},"4":{"name":"(anonymous_4)","decl":{"start":{"line":43,"column":2},"end":{"line":43,"column":3}},"loc":{"start":{"line":43,"column":22},"end":{"line":48,"column":3}},"line":43}},"branchMap":{"0":{"loc":{"start":{"line":12,"column":4},"end":{"line":22,"column":5}},"type":"if","locations":[{"start":{"line":12,"column":4},"end":{"line":22,"column":5}},{"start":{"line":16,"column":11},"end":{"line":22,"column":5}}],"line":12},"1":{"loc":{"start":{"line":16,"column":11},"end":{"line":22,"column":5}},"type":"if","locations":[{"start":{"line":16,"column":11},"end":{"line":22,"column":5}},{"start":{"line":20,"column":11},"end":{"line":22,"column":5}}],"line":16},"2":{"loc":{"start":{"line":30,"column":4},"end":{"line":39,"column":5}},"type":"if","locations":[{"start":{"line":30,"column":4},"end":{"line":39,"column":5}},{"start":{"line":32,"column":11},"end":{"line":39,"column":5}}],"line":30},"3":{"loc":{"start":{"line":44,"column":4},"end":{"line":46,"column":5}},"type":"if","locations":[{"start":{"line":44,"column":4},"end":{"line":46,"column":5}},{"start":{},"end":{}}],"line":44}},"s":{"0":19,"1":19,"2":22,"3":22,"4":22,"5":14,"6":14,"7":14,"8":8,"9":7,"10":7,"11":7,"12":1,"13":21,"14":4,"15":2,"16":2,"17":6,"18":6,"19":6,"20":2,"21":12,"22":6,"23":12,"24":3},"f":{"0":19,"1":22,"2":4,"3":6,"4":12},"b":{"0":[14,8],"1":[7,1],"2":[2,2],"3":[6,6]},"_coverageSchema":"1a1c01bbd47fc00a2c39e90264f33305004495a9","hash":"80d2c85dca5e6866244898082a73094c5249070c"}
,"/Users/adonl/Documents/Projects/tech-tests/bank-tech-test/src/transaction.js": {"path":"/Users/adonl/Documents/Projects/tech-tests/bank-tech-test/src/transaction.js","statementMap":{"0":{"start":{"line":3,"column":4},"end":{"line":3,"column":20}},"1":{"start":{"line":4,"column":4},"end":{"line":4,"column":21}},"2":{"start":{"line":9,"column":4},"end":{"line":9,"column":23}},"3":{"start":{"line":14,"column":4},"end":{"line":14,"column":21}},"4":{"start":{"line":19,"column":4},"end":{"line":24,"column":5}},"5":{"start":{"line":20,"column":6},"end":{"line":20,"column":52}},"6":{"start":{"line":22,"column":6},"end":{"line":22,"column":28}},"7":{"start":{"line":23,"column":6},"end":{"line":23,"column":33}},"8":{"start":{"line":29,"column":17},"end":{"line":29,"column":37}},"9":{"start":{"line":30,"column":20},"end":{"line":30,"column":52}},"10":{"start":{"line":31,"column":4},"end":{"line":31,"column":19}},"11":{"start":{"line":36,"column":0},"end":{"line":36,"column":29}}},"fnMap":{"0":{"name":"(anonymous_0)","decl":{"start":{"line":2,"column":2},"end":{"line":2,"column":3}},"loc":{"start":{"line":2,"column":16},"end":{"line":5,"column":3}},"line":2},"1":{"name":"(anonymous_1)","decl":{"start":{"line":8,"column":2},"end":{"line":8,"column":3}},"loc":{"start":{"line":8,"column":14},"end":{"line":10,"column":3}},"line":8},"2":{"name":"(anonymous_2)","decl":{"start":{"line":13,"column":2},"end":{"line":13,"column":3}},"loc":{"start":{"line":13,"column":12},"end":{"line":15,"column":3}},"line":13},"3":{"name":"(anonymous_3)","decl":{"start":{"line":18,"column":2},"end":{"line":18,"column":3}},"loc":{"start":{"line":18,"column":29},"end":{"line":25,"column":3}},"line":18},"4":{"name":"(anonymous_4)","decl":{"start":{"line":28,"column":2},"end":{"line":28,"column":3}},"loc":{"start":{"line":28,"column":12},"end":{"line":32,"column":3}},"line":28}},"branchMap":{"0":{"loc":{"start":{"line":19,"column":4},"end":{"line":24,"column":5}},"type":"if","locations":[{"start":{"line":19,"column":4},"end":{"line":24,"column":5}},{"start":{"line":21,"column":11},"end":{"line":24,"column":5}}],"line":19}},"s":{"0":19,"1":19,"2":1,"3":1,"4":19,"5":3,"6":16,"7":16,"8":16,"9":16,"10":16,"11":3},"f":{"0":19,"1":1,"2":1,"3":19,"4":16},"b":{"0":[3,16]},"_coverageSchema":"1a1c01bbd47fc00a2c39e90264f33305004495a9","hash":"0cebfd342c00e54af18f718910ba57c6f3930509"}
}
