TN:
SF:src/bankAccount.js
FN:5,(anonymous_0)
FN:12,(anonymous_1)
FN:21,(anonymous_2)
FN:29,(anonymous_3)
FN:45,(anonymous_4)
FNF:5
FNH:5
FNDA:14,(anonymous_0)
FNDA:3,(anonymous_1)
FNDA:10,(anonymous_2)
FNDA:8,(anonymous_3)
FNDA:4,(anonymous_4)
DA:1,2
DA:2,2
DA:6,14
DA:7,14
DA:8,14
DA:13,3
DA:14,1
DA:16,2
DA:22,10
DA:23,10
DA:24,9
DA:25,9
DA:30,8
DA:31,2
DA:32,1
DA:34,1
DA:37,6
DA:38,6
DA:39,5
DA:40,5
DA:46,4
DA:51,2
LF:22
LH:22
BRDA:13,0,0,1
BRDA:13,0,1,2
BRDA:30,1,0,2
BRDA:30,1,1,6
BRDA:31,2,0,1
BRDA:31,2,1,1
BRF:6
BRH:6
end_of_record
TN:
SF:src/statement.js
FN:2,(anonymous_0)
FN:8,(anonymous_1)
FN:29,(anonymous_2)
FN:33,(anonymous_3)
FN:43,(anonymous_4)
FNF:5
FNH:5
FNDA:19,(anonymous_0)
FNDA:22,(anonymous_1)
FNDA:4,(anonymous_2)
FNDA:6,(anonymous_3)
FNDA:12,(anonymous_4)
DA:3,19
DA:4,19
DA:9,22
DA:10,22
DA:12,22
DA:13,14
DA:14,14
DA:15,14
DA:16,8
DA:17,7
DA:18,7
DA:19,7
DA:21,1
DA:24,21
DA:30,4
DA:31,2
DA:33,2
DA:34,6
DA:35,6
DA:36,6
DA:38,2
DA:44,12
DA:45,6
DA:47,12
DA:53,3
LF:25
LH:25
BRDA:12,0,0,14
BRDA:12,0,1,8
BRDA:16,1,0,7
BRDA:16,1,1,1
BRDA:30,2,0,2
BRDA:30,2,1,2
BRDA:44,3,0,6
BRDA:44,3,1,6
BRF:8
BRH:8
end_of_record
TN:
SF:src/transaction.js
FN:2,(anonymous_0)
FN:8,(anonymous_1)
FN:13,(anonymous_2)
FN:18,(anonymous_3)
FN:28,(anonymous_4)
FNF:5
FNH:5
FNDA:19,(anonymous_0)
FNDA:1,(anonymous_1)
FNDA:1,(anonymous_2)
FNDA:19,(anonymous_3)
FNDA:16,(anonymous_4)
DA:3,19
DA:4,19
DA:9,1
DA:14,1
DA:19,19
DA:20,3
DA:22,16
DA:23,16
DA:29,16
DA:30,16
DA:31,16
DA:36,3
LF:12
LH:12
BRDA:19,0,0,3
BRDA:19,0,1,16
BRF:2
BRH:2
end_of_record
