TN:
SF:src/bankAccount.js
FN:5,(anonymous_0)
FN:12,(anonymous_1)
FN:17,(anonymous_2)
FN:25,(anonymous_3)
FN:33,(anonymous_4)
FNF:5
FNH:5
FNDA:7,(anonymous_0)
FNDA:2,(anonymous_1)
FNDA:5,(anonymous_2)
FNDA:3,(anonymous_3)
FNDA:2,(anonymous_4)
DA:1,1
DA:2,1
DA:6,7
DA:7,7
DA:8,7
DA:13,2
DA:18,5
DA:19,5
DA:20,4
DA:21,4
DA:26,3
DA:27,3
DA:28,2
DA:29,2
DA:34,2
DA:39,1
LF:16
LH:16
BRF:0
BRH:0
end_of_record
TN:
SF:src/statement.js
FN:2,(anonymous_0)
FN:8,(anonymous_1)
FN:29,(anonymous_2)
FN:33,(anonymous_3)
FNF:4
FNH:4
FNDA:12,(anonymous_0)
FNDA:14,(anonymous_1)
FNDA:4,(anonymous_2)
FNDA:6,(anonymous_3)
DA:3,12
DA:4,12
DA:9,14
DA:10,14
DA:12,14
DA:13,9
DA:14,9
DA:15,9
DA:16,5
DA:17,4
DA:18,4
DA:19,4
DA:21,1
DA:24,13
DA:30,4
DA:31,2
DA:33,2
DA:34,6
DA:36,2
DA:43,2
LF:20
LH:20
BRDA:12,0,0,9
BRDA:12,0,1,5
BRDA:16,1,0,4
BRDA:16,1,1,1
BRDA:30,2,0,2
BRDA:30,2,1,2
BRF:6
BRH:6
end_of_record
TN:
SF:src/transaction.js
FN:2,(anonymous_0)
FN:8,(anonymous_1)
FN:13,(anonymous_2)
FN:18,(anonymous_3)
FN:25,(anonymous_4)
FNF:5
FNH:5
FNDA:11,(anonymous_0)
FNDA:1,(anonymous_1)
FNDA:1,(anonymous_2)
FNDA:8,(anonymous_3)
FNDA:11,(anonymous_4)
DA:3,11
DA:4,11
DA:9,1
DA:14,1
DA:19,8
DA:20,8
DA:21,8
DA:26,11
DA:27,3
DA:29,8
DA:30,8
DA:36,2
LF:12
LH:12
BRDA:26,0,0,3
BRDA:26,0,1,8
BRF:2
BRH:2
end_of_record
